C:\USERS\PAULETTE\MINIPYTHON\MINIPYTHON\MINIPYTHON\DEBUG\AST.OBJ
C:\Users\Paulette\MiniPython\MiniPython\MiniPython\Debug\cl.command.1.tlog
C:\Users\Paulette\MiniPython\MiniPython\MiniPython\Debug\CL.read.1.tlog
C:\Users\Paulette\MiniPython\MiniPython\MiniPython\Debug\CL.write.1.tlog
C:\Users\Paulette\MiniPython\MiniPython\MiniPython\Debug\link.3448.read.1.tlog
C:\Users\Paulette\MiniPython\MiniPython\MiniPython\Debug\link.3448.write.1.tlog
C:\Users\Paulette\MiniPython\MiniPython\MiniPython\Debug\link.3448-cvtres.read.1.tlog
C:\Users\Paulette\MiniPython\MiniPython\MiniPython\Debug\link.3448-cvtres.write.1.tlog
C:\Users\Paulette\MiniPython\MiniPython\MiniPython\Debug\link.4936.read.1.tlog
C:\Users\Paulette\MiniPython\MiniPython\MiniPython\Debug\link.4936.write.1.tlog
C:\Users\Paulette\MiniPython\MiniPython\MiniPython\Debug\link.4936-cvtres.read.1.tlog
C:\Users\Paulette\MiniPython\MiniPython\MiniPython\Debug\link.4936-cvtres.write.1.tlog
C:\Users\Paulette\MiniPython\MiniPython\MiniPython\Debug\link.command.1.tlog
C:\Users\Paulette\MiniPython\MiniPython\MiniPython\Debug\link.read.1.tlog
C:\Users\Paulette\MiniPython\MiniPython\MiniPython\Debug\link.write.1.tlog
C:\Users\Paulette\MiniPython\MiniPython\MiniPython\Debug\link-cvtres.read.1.tlog
C:\Users\Paulette\MiniPython\MiniPython\MiniPython\Debug\link-cvtres.write.1.tlog
C:\USERS\PAULETTE\MINIPYTHON\MINIPYTHON\MINIPYTHON\DEBUG\MAIN.OBJ
C:\USERS\PAULETTE\MINIPYTHON\MINIPYTHON\MINIPYTHON\DEBUG\MINIPYTHON.EXE
C:\USERS\PAULETTE\MINIPYTHON\MINIPYTHON\MINIPYTHON\DEBUG\MINIPYTHON.EXE.EMBED.MANIFEST
C:\USERS\PAULETTE\MINIPYTHON\MINIPYTHON\MINIPYTHON\DEBUG\MINIPYTHON.EXE.EMBED.MANIFEST.RES
C:\USERS\PAULETTE\MINIPYTHON\MINIPYTHON\MINIPYTHON\DEBUG\MINIPYTHON.EXE.INTERMEDIATE.MANIFEST
C:\USERS\PAULETTE\MINIPYTHON\MINIPYTHON\MINIPYTHON\DEBUG\MINIPYTHON.ILK
C:\USERS\PAULETTE\MINIPYTHON\MINIPYTHON\MINIPYTHON\DEBUG\MINIPYTHON.PDB
C:\Users\Paulette\MiniPython\MiniPython\MiniPython\Debug\MiniPython_manifest.rc
C:\Users\Paulette\MiniPython\MiniPython\MiniPython\Debug\mt.command.1.tlog
C:\Users\Paulette\MiniPython\MiniPython\MiniPython\Debug\mt.read.1.tlog
C:\Users\Paulette\MiniPython\MiniPython\MiniPython\Debug\mt.write.1.tlog
C:\Users\Paulette\MiniPython\MiniPython\MiniPython\Debug\rc.command.1.tlog
C:\Users\Paulette\MiniPython\MiniPython\MiniPython\Debug\rc.read.1.tlog
C:\Users\Paulette\MiniPython\MiniPython\MiniPython\Debug\rc.write.1.tlog
C:\Users\Paulette\MiniPython\MiniPython\MiniPython\Debug\vc100.idb
C:\USERS\PAULETTE\MINIPYTHON\MINIPYTHON\MINIPYTHON\DEBUG\VC100.PDB
