Build started 12/08/2012 07:47:28 p.m..
     1>Project "D:\Navy Documents\u\Compiladores\Compiladores I\ProyectoMiniPython\MiniPython\MiniPython\MiniPython.vcxproj" on node 2 (build target(s)).
     1>InitializeBuildStatus:
         Creating "Debug\MiniPython.unsuccessfulbuild" because "AlwaysCreate" was specified.
       ClCompile:
         C:\Program Files\Microsoft Visual Studio 10.0\VC\bin\CL.exe /c /ZI /nologo /W3 /WX- /Od /Oy- /D WIN32 /D _DEBUG /D _CONSOLE /D _UNICODE /D UNICODE /Gm /EHsc /RTC1 /MDd /GS /fp:precise /Zc:wchar_t /Zc:forScope /Fo"Debug\\" /Fd"Debug\vc100.pdb" /Gd /TP /analyze- /errorReport:prompt Main.cpp
         Main.cpp
     1>d:\navy documents\u\compiladores\compiladores i\proyectominipython\minipython\minipython\lexer.h(20): warning C4482: nonstandard extension used: enum 'TokenType' used in qualified name
     1>d:\navy documents\u\compiladores\compiladores i\proyectominipython\minipython\minipython\lexer.h(21): warning C4482: nonstandard extension used: enum 'TokenType' used in qualified name
     1>d:\navy documents\u\compiladores\compiladores i\proyectominipython\minipython\minipython\lexer.h(22): warning C4482: nonstandard extension used: enum 'TokenType' used in qualified name
     1>d:\navy documents\u\compiladores\compiladores i\proyectominipython\minipython\minipython\lexer.h(23): warning C4482: nonstandard extension used: enum 'TokenType' used in qualified name
     1>d:\navy documents\u\compiladores\compiladores i\proyectominipython\minipython\minipython\lexer.h(24): warning C4482: nonstandard extension used: enum 'TokenType' used in qualified name
     1>d:\navy documents\u\compiladores\compiladores i\proyectominipython\minipython\minipython\lexer.h(26): warning C4482: nonstandard extension used: enum 'TokenType' used in qualified name
     1>d:\navy documents\u\compiladores\compiladores i\proyectominipython\minipython\minipython\lexer.h(27): warning C4482: nonstandard extension used: enum 'TokenType' used in qualified name
     1>d:\navy documents\u\compiladores\compiladores i\proyectominipython\minipython\minipython\lexer.h(28): warning C4482: nonstandard extension used: enum 'TokenType' used in qualified name
     1>d:\navy documents\u\compiladores\compiladores i\proyectominipython\minipython\minipython\lexer.h(30): warning C4482: nonstandard extension used: enum 'TokenType' used in qualified name
     1>d:\navy documents\u\compiladores\compiladores i\proyectominipython\minipython\minipython\lexer.h(31): warning C4482: nonstandard extension used: enum 'TokenType' used in qualified name
     1>d:\navy documents\u\compiladores\compiladores i\proyectominipython\minipython\minipython\lexer.h(32): warning C4482: nonstandard extension used: enum 'TokenType' used in qualified name
     1>d:\navy documents\u\compiladores\compiladores i\proyectominipython\minipython\minipython\lexer.h(33): warning C4482: nonstandard extension used: enum 'TokenType' used in qualified name
     1>d:\navy documents\u\compiladores\compiladores i\proyectominipython\minipython\minipython\lexer.h(34): warning C4482: nonstandard extension used: enum 'TokenType' used in qualified name
     1>d:\navy documents\u\compiladores\compiladores i\proyectominipython\minipython\minipython\lexer.h(35): warning C4482: nonstandard extension used: enum 'TokenType' used in qualified name
     1>d:\navy documents\u\compiladores\compiladores i\proyectominipython\minipython\minipython\lexer.h(36): warning C4482: nonstandard extension used: enum 'TokenType' used in qualified name
     1>d:\navy documents\u\compiladores\compiladores i\proyectominipython\minipython\minipython\lexer.h(37): warning C4482: nonstandard extension used: enum 'TokenType' used in qualified name
     1>d:\navy documents\u\compiladores\compiladores i\proyectominipython\minipython\minipython\lexer.h(38): warning C4482: nonstandard extension used: enum 'TokenType' used in qualified name
     1>d:\navy documents\u\compiladores\compiladores i\proyectominipython\minipython\minipython\lexer.h(40): warning C4482: nonstandard extension used: enum 'TokenType' used in qualified name
     1>d:\navy documents\u\compiladores\compiladores i\proyectominipython\minipython\minipython\lexer.h(41): warning C4482: nonstandard extension used: enum 'TokenType' used in qualified name
     1>d:\navy documents\u\compiladores\compiladores i\proyectominipython\minipython\minipython\lexer.h(42): warning C4482: nonstandard extension used: enum 'TokenType' used in qualified name
     1>d:\navy documents\u\compiladores\compiladores i\proyectominipython\minipython\minipython\lexer.h(43): warning C4482: nonstandard extension used: enum 'TokenType' used in qualified name
     1>d:\navy documents\u\compiladores\compiladores i\proyectominipython\minipython\minipython\lexer.h(44): warning C4482: nonstandard extension used: enum 'TokenType' used in qualified name
     1>d:\navy documents\u\compiladores\compiladores i\proyectominipython\minipython\minipython\lexer.h(45): warning C4482: nonstandard extension used: enum 'TokenType' used in qualified name
     1>d:\navy documents\u\compiladores\compiladores i\proyectominipython\minipython\minipython\lexer.h(46): warning C4482: nonstandard extension used: enum 'TokenType' used in qualified name
     1>d:\navy documents\u\compiladores\compiladores i\proyectominipython\minipython\minipython\lexer.h(48): warning C4482: nonstandard extension used: enum 'TokenType' used in qualified name
     1>d:\navy documents\u\compiladores\compiladores i\proyectominipython\minipython\minipython\lexer.h(49): warning C4482: nonstandard extension used: enum 'TokenType' used in qualified name
     1>d:\navy documents\u\compiladores\compiladores i\proyectominipython\minipython\minipython\lexer.h(50): warning C4482: nonstandard extension used: enum 'TokenType' used in qualified name
     1>d:\navy documents\u\compiladores\compiladores i\proyectominipython\minipython\minipython\lexer.h(51): warning C4482: nonstandard extension used: enum 'TokenType' used in qualified name
     1>d:\navy documents\u\compiladores\compiladores i\proyectominipython\minipython\minipython\lexer.h(52): warning C4482: nonstandard extension used: enum 'TokenType' used in qualified name
     1>d:\navy documents\u\compiladores\compiladores i\proyectominipython\minipython\minipython\lexer.h(53): warning C4482: nonstandard extension used: enum 'TokenType' used in qualified name
     1>d:\navy documents\u\compiladores\compiladores i\proyectominipython\minipython\minipython\lexer.h(54): warning C4482: nonstandard extension used: enum 'TokenType' used in qualified name
     1>d:\navy documents\u\compiladores\compiladores i\proyectominipython\minipython\minipython\lexer.h(55): warning C4482: nonstandard extension used: enum 'TokenType' used in qualified name
     1>d:\navy documents\u\compiladores\compiladores i\proyectominipython\minipython\minipython\lexer.h(56): warning C4482: nonstandard extension used: enum 'TokenType' used in qualified name
     1>d:\navy documents\u\compiladores\compiladores i\proyectominipython\minipython\minipython\lexer.h(57): warning C4482: nonstandard extension used: enum 'TokenType' used in qualified name
     1>d:\navy documents\u\compiladores\compiladores i\proyectominipython\minipython\minipython\lexer.h(58): warning C4482: nonstandard extension used: enum 'TokenType' used in qualified name
     1>d:\navy documents\u\compiladores\compiladores i\proyectominipython\minipython\minipython\lexer.h(59): warning C4482: nonstandard extension used: enum 'TokenType' used in qualified name
     1>d:\navy documents\u\compiladores\compiladores i\proyectominipython\minipython\minipython\lexer.h(60): warning C4482: nonstandard extension used: enum 'TokenType' used in qualified name
     1>d:\navy documents\u\compiladores\compiladores i\proyectominipython\minipython\minipython\lexer.h(61): warning C4482: nonstandard extension used: enum 'TokenType' used in qualified name
     1>d:\navy documents\u\compiladores\compiladores i\proyectominipython\minipython\minipython\lexer.h(70): warning C4996: 'fopen': This function or variable may be unsafe. Consider using fopen_s instead. To disable deprecation, use _CRT_SECURE_NO_WARNINGS. See online help for details.
                 c:\program files\microsoft visual studio 10.0\vc\include\stdio.h(234) : see declaration of 'fopen'
     1>d:\navy documents\u\compiladores\compiladores i\proyectominipython\minipython\minipython\lexer.h(224): warning C4482: nonstandard extension used: enum 'TokenType' used in qualified name
     1>d:\navy documents\u\compiladores\compiladores i\proyectominipython\minipython\minipython\lexer.h(244): warning C4482: nonstandard extension used: enum 'TokenType' used in qualified name
     1>d:\navy documents\u\compiladores\compiladores i\proyectominipython\minipython\minipython\lexer.h(263): warning C4482: nonstandard extension used: enum 'TokenType' used in qualified name
     1>d:\navy documents\u\compiladores\compiladores i\proyectominipython\minipython\minipython\lexer.h(287): warning C4482: nonstandard extension used: enum 'TokenType' used in qualified name
     1>d:\navy documents\u\compiladores\compiladores i\proyectominipython\minipython\minipython\lexer.h(322): warning C4482: nonstandard extension used: enum 'TokenType' used in qualified name
     1>d:\navy documents\u\compiladores\compiladores i\proyectominipython\minipython\minipython\lexer.h(428): warning C4482: nonstandard extension used: enum 'TokenType' used in qualified name
     1>d:\navy documents\u\compiladores\compiladores i\proyectominipython\minipython\minipython\main.cpp(15): warning C4482: nonstandard extension used: enum 'TokenType' used in qualified name
       ManifestResourceCompile:
         C:\Program Files\Microsoft SDKs\Windows\v7.0A\bin\rc.exe /nologo /fo"Debug\MiniPython.exe.embed.manifest.res" Debug\MiniPython_manifest.rc 
       Link:
         C:\Program Files\Microsoft Visual Studio 10.0\VC\bin\link.exe /ERRORREPORT:PROMPT /OUT:"D:\Navy Documents\u\Compiladores\Compiladores I\ProyectoMiniPython\MiniPython\MiniPython\Debug\MiniPython.exe" /INCREMENTAL /NOLOGO kernel32.lib user32.lib gdi32.lib winspool.lib comdlg32.lib advapi32.lib shell32.lib ole32.lib oleaut32.lib uuid.lib odbc32.lib odbccp32.lib /MANIFEST /ManifestFile:"Debug\MiniPython.exe.intermediate.manifest" /MANIFESTUAC:"level='asInvoker' uiAccess='false'" /DEBUG /PDB:"D:\Navy Documents\u\Compiladores\Compiladores I\ProyectoMiniPython\MiniPython\MiniPython\Debug\MiniPython.pdb" /SUBSYSTEM:CONSOLE /TLBID:1 /DYNAMICBASE /NXCOMPAT /IMPLIB:"D:\Navy Documents\u\Compiladores\Compiladores I\ProyectoMiniPython\MiniPython\MiniPython\Debug\MiniPython.lib" /MACHINE:X86 Debug\MiniPython.exe.embed.manifest.res
         Debug\Main.obj
       Manifest:
         C:\Program Files\Microsoft SDKs\Windows\v7.0A\bin\mt.exe /nologo /verbose /out:"Debug\MiniPython.exe.embed.manifest" /manifest Debug\MiniPython.exe.intermediate.manifest
         C:\Program Files\Microsoft SDKs\Windows\v7.0A\bin\rc.exe /nologo /fo"Debug\MiniPython.exe.embed.manifest.res" Debug\MiniPython_manifest.rc 
       LinkEmbedManifest:
         C:\Program Files\Microsoft Visual Studio 10.0\VC\bin\link.exe /ERRORREPORT:PROMPT /OUT:"D:\Navy Documents\u\Compiladores\Compiladores I\ProyectoMiniPython\MiniPython\MiniPython\Debug\MiniPython.exe" /INCREMENTAL /NOLOGO kernel32.lib user32.lib gdi32.lib winspool.lib comdlg32.lib advapi32.lib shell32.lib ole32.lib oleaut32.lib uuid.lib odbc32.lib odbccp32.lib /MANIFEST /ManifestFile:"Debug\MiniPython.exe.intermediate.manifest" /MANIFESTUAC:"level='asInvoker' uiAccess='false'" /DEBUG /PDB:"D:\Navy Documents\u\Compiladores\Compiladores I\ProyectoMiniPython\MiniPython\MiniPython\Debug\MiniPython.pdb" /SUBSYSTEM:CONSOLE /TLBID:1 /DYNAMICBASE /NXCOMPAT /IMPLIB:"D:\Navy Documents\u\Compiladores\Compiladores I\ProyectoMiniPython\MiniPython\MiniPython\Debug\MiniPython.lib" /MACHINE:X86 Debug\MiniPython.exe.embed.manifest.res
         Debug\Main.obj
         MiniPython.vcxproj -> D:\Navy Documents\u\Compiladores\Compiladores I\ProyectoMiniPython\MiniPython\MiniPython\Debug\MiniPython.exe
       FinalizeBuildStatus:
         Deleting file "Debug\MiniPython.unsuccessfulbuild".
         Touching "Debug\MiniPython.lastbuildstate".
     1>Done Building Project "D:\Navy Documents\u\Compiladores\Compiladores I\ProyectoMiniPython\MiniPython\MiniPython\MiniPython.vcxproj" (build target(s)).

Build succeeded.

Time Elapsed 00:00:02.78
